700  [restartedMain] INFO  c.n.pract20.Pract19Application – Starting Pract19Application using Java 18.0.2 on DESKTOP-IF5O8H6 with PID 17300 (C:\Users\Anna\IdeaProjects\Java 4 sem\Gradle\pract19\build\classes\java\main started by Anna in C:\Users\Anna\IdeaProjects\Java 4 sem\Gradle\pract19)
700  [background-preinit] INFO  o.h.validator.internal.util.Version – HV000001: Hibernate Validator 6.2.0.Final
703  [restartedMain] INFO  c.n.pract20.Pract19Application – No active profile set, falling back to default profiles: default
755  [restartedMain] INFO  o.s.b.d.e.DevToolsPropertyDefaultsPostProcessor – Devtools property defaults active! Set 'spring.devtools.add-properties' to 'false' to disable
756  [restartedMain] INFO  o.s.b.d.e.DevToolsPropertyDefaultsPostProcessor – For additional web related logging consider setting the 'logging.level.web' property to 'DEBUG'
1216 [restartedMain] INFO  o.s.d.r.c.RepositoryConfigurationDelegate – Bootstrapping Spring Data JPA repositories in DEFAULT mode.
1349 [restartedMain] INFO  o.s.d.r.c.RepositoryConfigurationDelegate – Finished Spring Data repository scanning in 128 ms. Found 2 JPA repository interfaces.
2205 [restartedMain] INFO  o.s.b.w.e.tomcat.TomcatWebServer – Tomcat initialized with port(s): 8080 (http)
2215 [restartedMain] INFO  o.a.coyote.http11.Http11NioProtocol – Initializing ProtocolHandler ["http-nio-8080"]
2216 [restartedMain] INFO  o.a.catalina.core.StandardService – Starting service [Tomcat]
2217 [restartedMain] INFO  o.a.catalina.core.StandardEngine – Starting Servlet engine: [Apache Tomcat/9.0.56]
2285 [restartedMain] INFO  o.a.c.c.C.[Tomcat].[localhost].[/] – Initializing Spring embedded WebApplicationContext
2285 [restartedMain] INFO  o.s.b.w.s.c.ServletWebServerApplicationContext – Root WebApplicationContext: initialization completed in 1528 ms
2441 [restartedMain] INFO  com.zaxxer.hikari.HikariDataSource – HikariPool-1 - Starting...
2606 [restartedMain] INFO  com.zaxxer.hikari.HikariDataSource – HikariPool-1 - Start completed.
2653 [restartedMain] INFO  o.h.jpa.internal.util.LogHelper – HHH000204: Processing PersistenceUnitInfo [name: default]
2709 [restartedMain] INFO  org.hibernate.Version – HHH000412: Hibernate ORM core version 5.6.3.Final
2886 [restartedMain] INFO  o.h.annotations.common.Version – HCANN000001: Hibernate Commons Annotations {5.1.2.Final}
2994 [restartedMain] INFO  org.hibernate.dialect.Dialect – HHH000400: Using dialect: org.hibernate.dialect.PostgreSQL10Dialect
3563 [restartedMain] INFO  o.h.e.t.j.p.i.JtaPlatformInitiator – HHH000490: Using JtaPlatform implementation: [org.hibernate.engine.transaction.jta.platform.internal.NoJtaPlatform]
3571 [restartedMain] INFO  o.s.o.j.LocalContainerEntityManagerFactoryBean – Initialized JPA EntityManagerFactory for persistence unit 'default'
4101 [restartedMain] WARN  o.s.b.a.o.j.JpaBaseConfiguration$JpaWebConfiguration – spring.jpa.open-in-view is enabled by default. Therefore, database queries may be performed during view rendering. Explicitly configure spring.jpa.open-in-view to disable this warning
4819 [restartedMain] INFO  o.s.b.d.a.OptionalLiveReloadServer – LiveReload server is running on port 35729
4833 [restartedMain] INFO  o.a.coyote.http11.Http11NioProtocol – Starting ProtocolHandler ["http-nio-8080"]
4854 [restartedMain] INFO  o.s.b.w.e.tomcat.TomcatWebServer – Tomcat started on port(s): 8080 (http) with context path ''
4863 [restartedMain] INFO  c.n.pract20.Pract19Application – Started Pract19Application in 4.516 seconds (JVM running for 5.016)
