1358 [main] INFO  c.n.pract24.Pract23Application – Starting Pract23Application using Java 18.0.2 on DESKTOP-IF5O8H6 with PID 11532 (C:\Users\Anna\IdeaProjects\Java 4 sem\Gradle\pract23\build\classes\java\main started by Anna in C:\Users\Anna\IdeaProjects\Java 4 sem\Gradle\pract23)
1383 [main] INFO  c.n.pract24.Pract23Application – No active profile set, falling back to default profiles: default
3067 [main] INFO  o.s.d.r.c.RepositoryConfigurationDelegate – Bootstrapping Spring Data JPA repositories in DEFAULT mode.
3147 [main] INFO  o.s.d.r.c.RepositoryConfigurationDelegate – Finished Spring Data repository scanning in 67 ms. Found 3 JPA repository interfaces.
4585 [main] INFO  o.s.b.w.e.tomcat.TomcatWebServer – Tomcat initialized with port(s): 8080 (http)
4598 [main] INFO  o.a.coyote.http11.Http11NioProtocol – Initializing ProtocolHandler ["http-nio-8080"]
4599 [main] INFO  o.a.catalina.core.StandardService – Starting service [Tomcat]
4599 [main] INFO  o.a.catalina.core.StandardEngine – Starting Servlet engine: [Apache Tomcat/9.0.56]
4707 [main] INFO  o.a.c.c.C.[Tomcat].[localhost].[/] – Initializing Spring embedded WebApplicationContext
4708 [main] INFO  o.s.b.w.s.c.ServletWebServerApplicationContext – Root WebApplicationContext: initialization completed in 3135 ms
4961 [main] INFO  o.h.jpa.internal.util.LogHelper – HHH000204: Processing PersistenceUnitInfo [name: default]
5043 [main] INFO  org.hibernate.Version – HHH000412: Hibernate ORM core version 5.6.3.Final
5252 [main] INFO  o.h.annotations.common.Version – HCANN000001: Hibernate Commons Annotations {5.1.2.Final}
5370 [main] INFO  com.zaxxer.hikari.HikariDataSource – HikariPool-1 - Starting...
5634 [main] INFO  com.zaxxer.hikari.pool.HikariPool – HikariPool-1 - Added connection org.postgresql.jdbc.PgConnection@7196a8f1
5636 [main] INFO  com.zaxxer.hikari.HikariDataSource – HikariPool-1 - Start completed.
5662 [main] INFO  org.hibernate.dialect.Dialect – HHH000400: Using dialect: org.hibernate.dialect.PostgreSQL10Dialect
6672 [main] INFO  o.h.e.t.j.p.i.JtaPlatformInitiator – HHH000490: Using JtaPlatform implementation: [org.hibernate.engine.transaction.jta.platform.internal.NoJtaPlatform]
6682 [main] INFO  o.s.o.j.LocalContainerEntityManagerFactoryBean – Initialized JPA EntityManagerFactory for persistence unit 'default'
7178 [main] WARN  o.s.b.a.o.j.JpaBaseConfiguration$JpaWebConfiguration – spring.jpa.open-in-view is enabled by default. Therefore, database queries may be performed during view rendering. Explicitly configure spring.jpa.open-in-view to disable this warning
7666 [main] INFO  o.s.s.w.DefaultSecurityFilterChain – Will secure any request with [org.springframework.security.web.context.request.async.WebAsyncManagerIntegrationFilter@4803bf73, org.springframework.security.web.context.SecurityContextPersistenceFilter@3fdede3a, org.springframework.security.web.header.HeaderWriterFilter@cbc3bf3, org.springframework.security.web.authentication.logout.LogoutFilter@18301763, org.springframework.security.web.authentication.UsernamePasswordAuthenticationFilter@46051269, org.springframework.security.web.savedrequest.RequestCacheAwareFilter@3085befb, org.springframework.security.web.servletapi.SecurityContextHolderAwareRequestFilter@322eb1a, org.springframework.security.web.authentication.AnonymousAuthenticationFilter@13731ff4, org.springframework.security.web.session.SessionManagementFilter@7730da00, org.springframework.security.web.access.ExceptionTranslationFilter@27234b7c, org.springframework.security.web.access.intercept.FilterSecurityInterceptor@468646ea]
8184 [main] INFO  o.a.coyote.http11.Http11NioProtocol – Starting ProtocolHandler ["http-nio-8080"]
8229 [main] INFO  o.s.b.w.e.tomcat.TomcatWebServer – Tomcat started on port(s): 8080 (http) with context path ''
8259 [main] INFO  c.n.pract24.Pract23Application – Started Pract23Application in 7.841 seconds (JVM running for 8.595)
10928 [http-nio-8080-exec-1] INFO  o.a.c.c.C.[Tomcat].[localhost].[/] – Initializing Spring DispatcherServlet 'dispatcherServlet'
10928 [http-nio-8080-exec-1] INFO  o.s.web.servlet.DispatcherServlet – Initializing Servlet 'dispatcherServlet'
10929 [http-nio-8080-exec-1] INFO  o.s.web.servlet.DispatcherServlet – Completed initialization in 1 ms
33899 [http-nio-8080-exec-5] INFO  c.n.pract24.aspect.LoggingAspect – UserDetails com.nutouchh.pract24.service.UsersDetailsService.loadUserByUsername(String) executed in 86 ms
